e:\热更工具\autotpacktools\mfcapplication1\release\auto_packtools.pch
e:\热更工具\autotpacktools\mfcapplication1\release\vc140.pdb
e:\热更工具\autotpacktools\mfcapplication1\release\stdafx.obj
e:\热更工具\autotpacktools\mfcapplication1\release\mfcapplication1dlg.obj
e:\热更工具\autotpacktools\mfcapplication1\release\mfcapplication1.obj
e:\热更工具\autotpacktools\mfcapplication1\release\md5.obj
e:\热更工具\autotpacktools\mfcapplication1\release\json_writer.obj
e:\热更工具\autotpacktools\mfcapplication1\release\json_value.obj
e:\热更工具\autotpacktools\mfcapplication1\release\json_reader.obj
e:\热更工具\autotpacktools\mfcapplication1\release\c_helper.obj
e:\热更工具\autotpacktools\mfcapplication1\release\cmd5checksum.obj
e:\热更工具\autotpacktools\release\auto_packtools.exe
e:\热更工具\autotpacktools\release\auto_packtools.ipdb
e:\热更工具\autotpacktools\release\auto_packtools.iobj
e:\热更工具\autotpacktools\release\auto_packtools.pdb
e:\热更工具\autotpacktools\mfcapplication1\release\mfcapplication1.res
e:\热更工具\autotpacktools\mfcapplication1\release\auto_packtools.tlog\cl.command.1.tlog
e:\热更工具\autotpacktools\mfcapplication1\release\auto_packtools.tlog\cl.read.1.tlog
e:\热更工具\autotpacktools\mfcapplication1\release\auto_packtools.tlog\cl.write.1.tlog
e:\热更工具\autotpacktools\mfcapplication1\release\auto_packtools.tlog\link.command.1.tlog
e:\热更工具\autotpacktools\mfcapplication1\release\auto_packtools.tlog\link.read.1.tlog
e:\热更工具\autotpacktools\mfcapplication1\release\auto_packtools.tlog\link.write.1.tlog
e:\热更工具\autotpacktools\mfcapplication1\release\auto_packtools.tlog\rc.command.1.tlog
e:\热更工具\autotpacktools\mfcapplication1\release\auto_packtools.tlog\rc.read.1.tlog
e:\热更工具\autotpacktools\mfcapplication1\release\auto_packtools.tlog\rc.write.1.tlog
