e:\9you\updatetool\mfcapplication1\debug\auto_packtools.pch
e:\9you\updatetool\mfcapplication1\debug\vc140.pdb
e:\9you\updatetool\mfcapplication1\debug\vc140.idb
e:\9you\updatetool\mfcapplication1\debug\stdafx.obj
e:\9you\updatetool\mfcapplication1\debug\cmd5checksum.obj
e:\9you\updatetool\mfcapplication1\debug\c_helper.obj
e:\9you\updatetool\mfcapplication1\debug\json_reader.obj
e:\9you\updatetool\mfcapplication1\debug\json_value.obj
e:\9you\updatetool\mfcapplication1\debug\json_writer.obj
e:\9you\updatetool\mfcapplication1\debug\md5.obj
e:\9you\updatetool\mfcapplication1\debug\mfcapplication1dlg.obj
e:\9you\updatetool\mfcapplication1\debug\mfcapplication1.obj
e:\9you\updatetool\debug\auto_packtools.ilk
e:\9you\updatetool\debug\auto_packtools.exe
e:\9you\updatetool\debug\auto_packtools.pdb
e:\9you\updatetool\mfcapplication1\debug\mfcapplication1.res
e:\9you\updatetool\mfcapplication1\debug\auto_packtools.tlog\cl.command.1.tlog
e:\9you\updatetool\mfcapplication1\debug\auto_packtools.tlog\cl.read.1.tlog
e:\9you\updatetool\mfcapplication1\debug\auto_packtools.tlog\cl.write.1.tlog
e:\9you\updatetool\mfcapplication1\debug\auto_packtools.tlog\link.command.1.tlog
e:\9you\updatetool\mfcapplication1\debug\auto_packtools.tlog\link.read.1.tlog
e:\9you\updatetool\mfcapplication1\debug\auto_packtools.tlog\link.write.1.tlog
e:\9you\updatetool\mfcapplication1\debug\auto_packtools.tlog\rc.command.1.tlog
e:\9you\updatetool\mfcapplication1\debug\auto_packtools.tlog\rc.read.1.tlog
e:\9you\updatetool\mfcapplication1\debug\auto_packtools.tlog\rc.write.1.tlog
