C:\Program Files (x86)\MSBuild\Microsoft.Cpp\v4.0\V140\Microsoft.CppBuild.targets(392,5): warning MSB8028: The intermediate directory (Debug\) contains files shared from another project (MFCApplication1.vcxproj).  This can lead to incorrect clean and rebuild behavior.
  stdafx.cpp
  MFCApplication1Dlg.cpp
e:\9you\updatetool\mfcapplication1\cmd5checksum.h(25): warning C4005: “ASSERT”: 宏重定义
  c:\program files (x86)\microsoft visual studio 14.0\vc\atlmfc\include\afx.h(382): note: 参见“ASSERT”的前一个定义
e:\9you\updatetool\mfcapplication1\mfcapplication1dlg.cpp(521): warning C4800: “BOOL”: 将值强制为布尔值“true”或“false”(性能警告)
e:\9you\updatetool\mfcapplication1\mfcapplication1dlg.cpp(523): warning C4800: “BOOL”: 将值强制为布尔值“true”或“false”(性能警告)
e:\9you\updatetool\mfcapplication1\mfcapplication1dlg.cpp(669): warning C4244: “初始化”: 从“std::streamoff”转换到“std::size_t”，可能丢失数据
e:\9you\updatetool\mfcapplication1\mfcapplication1dlg.cpp(697): warning C4800: “BOOL”: 将值强制为布尔值“true”或“false”(性能警告)
e:\9you\updatetool\mfcapplication1\mfcapplication1dlg.cpp(699): warning C4800: “BOOL”: 将值强制为布尔值“true”或“false”(性能警告)
e:\9you\updatetool\mfcapplication1\mfcapplication1dlg.cpp(1173): warning C4800: “BOOL”: 将值强制为布尔值“true”或“false”(性能警告)
e:\9you\updatetool\mfcapplication1\mfcapplication1dlg.cpp(1175): warning C4800: “BOOL”: 将值强制为布尔值“true”或“false”(性能警告)
e:\9you\updatetool\mfcapplication1\mfcapplication1dlg.cpp(1241): warning C4800: “BOOL”: 将值强制为布尔值“true”或“false”(性能警告)
e:\9you\updatetool\mfcapplication1\mfcapplication1dlg.cpp(1243): warning C4800: “BOOL”: 将值强制为布尔值“true”或“false”(性能警告)
e:\9you\updatetool\mfcapplication1\mfcapplication1dlg.cpp(1267): warning C4800: “BOOL”: 将值强制为布尔值“true”或“false”(性能警告)
e:\9you\updatetool\mfcapplication1\mfcapplication1dlg.cpp(1269): warning C4800: “BOOL”: 将值强制为布尔值“true”或“false”(性能警告)
e:\9you\updatetool\mfcapplication1\mfcapplication1dlg.cpp(1579): warning C4800: “BOOL”: 将值强制为布尔值“true”或“false”(性能警告)
e:\9you\updatetool\mfcapplication1\mfcapplication1dlg.cpp(1581): warning C4800: “BOOL”: 将值强制为布尔值“true”或“false”(性能警告)
e:\9you\updatetool\mfcapplication1\mfcapplication1dlg.cpp(1792): warning C4800: “BOOL”: 将值强制为布尔值“true”或“false”(性能警告)
e:\9you\updatetool\mfcapplication1\mfcapplication1dlg.cpp(1794): warning C4800: “BOOL”: 将值强制为布尔值“true”或“false”(性能警告)
e:\9you\updatetool\mfcapplication1\mfcapplication1dlg.cpp(1932): warning C4800: “BOOL”: 将值强制为布尔值“true”或“false”(性能警告)
e:\9you\updatetool\mfcapplication1\mfcapplication1dlg.cpp(1934): warning C4800: “BOOL”: 将值强制为布尔值“true”或“false”(性能警告)
  MFCApplication1.cpp
  md5.cpp
e:\9you\updatetool\mfcapplication1\md5.cpp(121): warning C4244: “参数”: 从“__int64”转换到“unsigned int”，可能丢失数据
e:\9you\updatetool\mfcapplication1\md5.cpp(137): warning C4018: “<”: 有符号/无符号不匹配
  json_writer.cpp
  json_value.cpp
  json_reader.cpp
  c_helper.cpp
  CMD5Checksum.cpp
e:\9you\updatetool\mfcapplication1\cmd5checksum.h(25): warning C4005: “ASSERT”: 宏重定义
  c:\program files (x86)\microsoft visual studio 14.0\vc\atlmfc\include\afx.h(382): note: 参见“ASSERT”的前一个定义
  正在生成代码...
  MFCApplication1.vcxproj -> E:\9you\updateTool\Debug\auto_packtools.exe
  MFCApplication1.vcxproj -> E:\9you\updateTool\Debug\auto_packtools.pdb (Full PDB)
